#
# There is insufficient memory for the Java Runtime Environment to continue.
# Native memory allocation (malloc) failed to allocate 98256 bytes for Chunk::new
# Possible reasons:
#   The system is out of physical RAM or swap space
#   In 32 bit mode, the process size limit was hit
# Possible solutions:
#   Reduce memory load on the system
#   Increase physical memory or swap space
#   Check if swap backing store is full
#   Use 64 bit Java on a 64 bit OS
#   Decrease Java heap size (-Xmx/-Xms)
#   Decrease number of Java threads
#   Decrease Java thread stack sizes (-Xss)
#   Set larger code cache with -XX:ReservedCodeCacheSize=
# This output file may be truncated or incomplete.
#
#  Out of Memory Error (allocation.cpp:390), pid=10924, tid=10360
#
# JRE version: Java(TM) SE Runtime Environment (8.0_91-b15) (build 1.8.0_91-b15)
# Java VM: Java HotSpot(TM) 64-Bit Server VM (25.91-b15 mixed mode windows-amd64 compressed oops)
# Failed to write core dump. Minidumps are not enabled by default on client versions of Windows
#

---------------  T H R E A D  ---------------

Current thread (0x00000000158f4800):  JavaThread "C2 CompilerThread1" daemon [_thread_in_native, id=10360, stack(0x0000000017060000,0x0000000017160000)]

Stack: [0x0000000017060000,0x0000000017160000]
[error occurred during error reporting (printing stack bounds), id 0xc0000005]

Native frames: (J=compiled Java code, j=interpreted, Vv=VM code, C=native code)


Current CompileTask:
C2:  29917 8954       4       sun.security.provider.DigestBase::engineDigest (112 bytes)


---------------  P R O C E S S  ---------------

Java Threads: ( => current thread )
  0x000000001aeb6000 JavaThread "Task worker for ':' Thread 3" [_thread_blocked, id=5460, stack(0x0000000022910000,0x0000000022a10000)]
  0x000000001aeba800 JavaThread "Task worker for ':' Thread 2" [_thread_blocked, id=16640, stack(0x0000000022810000,0x0000000022910000)]
  0x000000001aeb4000 JavaThread "Task worker for ':'" [_thread_blocked, id=17592, stack(0x0000000022710000,0x0000000022810000)]
  0x000000001aeb9000 JavaThread "Cache worker for Build Output Cleanup Cache (C:\Dev\open\OpenHackApp\android\.gradle\buildOutputCleanup)" [_thread_blocked, id=14952, stack(0x0000000022610000,0x0000000022710000)]
  0x000000001aeb5800 JavaThread "Cache worker for task history cache (C:\Dev\open\OpenHackApp\android\.gradle\4.4\taskHistory)" [_thread_blocked, id=756, stack(0x0000000022510000,0x0000000022610000)]
  0x000000001aeb8800 JavaThread "Cache worker for file content cache (C:\Dev\open\OpenHackApp\android\.gradle\4.4\fileContent)" [_thread_blocked, id=14348, stack(0x0000000021330000,0x0000000021430000)]
  0x000000001aeb7000 JavaThread "Memory manager" [_thread_blocked, id=18376, stack(0x0000000021030000,0x0000000021130000)]
  0x000000001886b000 JavaThread "build operations Thread 4" [_thread_blocked, id=11156, stack(0x0000000020880000,0x0000000020980000)]
  0x0000000018869800 JavaThread "build operations Thread 3" [_thread_blocked, id=17536, stack(0x0000000020780000,0x0000000020880000)]
  0x0000000018868800 JavaThread "build operations Thread 2" [_thread_blocked, id=6280, stack(0x0000000020680000,0x0000000020780000)]
  0x0000000018867000 JavaThread "build operations" [_thread_blocked, id=16324, stack(0x0000000020580000,0x0000000020680000)]
  0x0000000018868000 JavaThread "Cache worker for Artifact transforms cache (C:\Users\bachi\.gradle\caches\transforms-1)" [_thread_blocked, id=4792, stack(0x000000001efd0000,0x000000001f0d0000)]
  0x000000001886a000 JavaThread "Cache worker for file hash cache (C:\Dev\open\OpenHackApp\android\.gradle\4.4\fileHashes)" [_thread_blocked, id=10272, stack(0x000000001b5b0000,0x000000001b6b0000)]
  0x0000000018865800 JavaThread "File lock request listener" [_thread_in_native, id=7988, stack(0x000000001b4b0000,0x000000001b5b0000)]
  0x000000001886c000 JavaThread "Cache worker for file hash cache (C:\Users\bachi\.gradle\caches\4.4\fileHashes)" [_thread_blocked, id=412, stack(0x000000001b3b0000,0x000000001b4b0000)]
  0x0000000018938800 JavaThread "Stdin handler" [_thread_blocked, id=12268, stack(0x000000001a0e0000,0x000000001a1e0000)]
  0x0000000018937000 JavaThread "Asynchronous log dispatcher for DefaultDaemonConnection: socket connection from /127.0.0.1:61831 to /127.0.0.1:61832" [_thread_in_Java, id=7264, stack(0x0000000019fe0000,0x000000001a0e0000)]
  0x0000000018947800 JavaThread "Daemon worker" [_thread_in_native, id=15832, stack(0x0000000019ee0000,0x0000000019fe0000)]
  0x00000000188bd000 JavaThread "Cancel handler" [_thread_blocked, id=15400, stack(0x0000000019de0000,0x0000000019ee0000)]
  0x000000001752c800 JavaThread "Handler for socket connection from /127.0.0.1:61831 to /127.0.0.1:61832" [_thread_in_native, id=2820, stack(0x0000000019ae0000,0x0000000019be0000)]
  0x0000000018893800 JavaThread "Daemon" [_thread_blocked, id=700, stack(0x00000000199e0000,0x0000000019ae0000)]
  0x0000000018880000 JavaThread "Daemon periodic checks" [_thread_blocked, id=11928, stack(0x00000000198e0000,0x00000000199e0000)]
  0x000000001887f000 JavaThread "Incoming local TCP Connector on port 61831" [_thread_in_native, id=17756, stack(0x0000000019670000,0x0000000019770000)]
  0x000000001882c000 JavaThread "Daemon health stats" [_thread_blocked, id=5540, stack(0x0000000019030000,0x0000000019130000)]
  0x000000001594e800 JavaThread "Service Thread" daemon [_thread_blocked, id=9196, stack(0x0000000017660000,0x0000000017760000)]
  0x00000000158f7800 JavaThread "C1 CompilerThread2" daemon [_thread_blocked, id=3976, stack(0x0000000017160000,0x0000000017260000)]
=>0x00000000158f4800 JavaThread "C2 CompilerThread1" daemon [_thread_in_native, id=10360, stack(0x0000000017060000,0x0000000017160000)]
  0x00000000158f0800 JavaThread "C2 CompilerThread0" daemon [_thread_in_native, id=3080, stack(0x0000000016f60000,0x0000000017060000)]
  0x00000000158ec800 JavaThread "Attach Listener" daemon [_thread_blocked, id=16024, stack(0x0000000016e60000,0x0000000016f60000)]
  0x00000000158eb800 JavaThread "Signal Dispatcher" daemon [_thread_blocked, id=7124, stack(0x0000000016d60000,0x0000000016e60000)]
  0x000000000321b800 JavaThread "Finalizer" daemon [_thread_blocked, id=10688, stack(0x0000000016b40000,0x0000000016c40000)]
  0x0000000003211000 JavaThread "Reference Handler" daemon [_thread_blocked, id=14124, stack(0x0000000016a40000,0x0000000016b40000)]
  0x000000000311e000 JavaThread "main" [_thread_blocked, id=17444, stack(0x0000000002f60000,0x0000000003060000)]

Other Threads:
  0x00000000158b7800 VMThread [stack: 0x0000000016940000,0x0000000016a40000] [id=2504]
  0x00000000172b8000 WatcherThread [stack: 0x0000000017760000,0x0000000017860000] [id=7780]

VM state:not at safepoint (normal execution)

VM Mutex/Monitor currently owned by a thread: None

Heap:
 PSYoungGen      total 211456K, used 139564K [0x00000000eab00000, 0x00000000fa800000, 0x0000000100000000)
  eden space 189952K, 73% used [0x00000000eab00000,0x00000000f334b030,0x00000000f6480000)
  from space 21504K, 0% used [0x00000000f8000000,0x00000000f8000000,0x00000000f9500000)
  to   space 28160K, 0% used [0x00000000f6480000,0x00000000f6480000,0x00000000f8000000)
 ParOldGen       total 157696K, used 49492K [0x00000000c0000000, 0x00000000c9a00000, 0x00000000eab00000)
  object space 157696K, 31% used [0x00000000c0000000,0x00000000c3055210,0x00000000c9a00000)
 Metaspace       used 62332K, capacity 64992K, committed 65280K, reserved 1105920K
  class space    used 8654K, capacity 9365K, committed 9472K, reserved 1048576K

Card table byte_map: [0x00000000125e0000,0x00000000127f0000] byte_map_base: 0x0000000011fe0000

Marking Bits: (ParMarkBitMap*) 0x0000000062882f70
 Begin Bits: [0x0000000012d50000, 0x0000000013d50000)
 End Bits:   [0x0000000013d50000, 0x0000000014d50000)

Polling page: 0x0000000000dc0000

CodeCache: size=245760Kb used=26318Kb max_used=26331Kb free=219441Kb
 bounds [0x0000000003220000, 0x0000000004c00000, 0x0000000012220000]
 total_blobs=8788 nmethods=7989 adapters=710
 compilation: enabled

Compilation events (10 events):
Event: 29.893 Thread 0x00000000158f0800 8952       4       org.gradle.internal.component.model.DefaultIvyArtifactName::hashCode (36 bytes)
Event: 29.893 Thread 0x00000000158f4800 8954       4       sun.security.provider.DigestBase::engineDigest (112 bytes)
Event: 29.894 Thread 0x00000000158f0800 nmethod 8952 0x0000000004beba10 code [0x0000000004bebb60, 0x0000000004bebcf8]
Event: 29.895 Thread 0x00000000158f0800 8953       4       java.security.MessageDigest$Delegate::engineDigest (8 bytes)
Event: 29.897 Thread 0x00000000158f7800 8956       3       org.gradle.internal.serialize.AbstractCollectionSerializer::read (6 bytes)
Event: 29.897 Thread 0x00000000158f7800 nmethod 8956 0x0000000004beb550 code [0x0000000004beb6c0, 0x0000000004beb8c8]
Event: 29.897 Thread 0x00000000158f7800 8957       3       org.gradle.internal.serialize.AbstractCollectionSerializer::read (47 bytes)
Event: 29.897 Thread 0x00000000158f7800 nmethod 8957 0x0000000004bf0690 code [0x0000000004bf0840, 0x0000000004bf0d78]
Event: 29.897 Thread 0x00000000158f7800 8958       3       org.gradle.internal.resources.AbstractTrackedResourceLock::isLockedByCurrentThread (9 bytes)
Event: 29.898 Thread 0x00000000158f7800 nmethod 8958 0x0000000004beff50 code [0x0000000004bf00e0, 0x0000000004bf04c8]

GC Heap History (10 events):
Event: 7.976 GC heap before
{Heap before GC invocations=9 (full 2):
 PSYoungGen      total 140288K, used 10236K [0x00000000eab00000, 0x00000000f5f00000, 0x0000000100000000)
  eden space 130048K, 0% used [0x00000000eab00000,0x00000000eab00000,0x00000000f2a00000)
  from space 10240K, 99% used [0x00000000f2a00000,0x00000000f33ff060,0x00000000f3400000)
  to   space 13312K, 0% used [0x00000000f5200000,0x00000000f5200000,0x00000000f5f00000)
 ParOldGen       total 59392K, used 11439K [0x00000000c0000000, 0x00000000c3a00000, 0x00000000eab00000)
  object space 59392K, 19% used [0x00000000c0000000,0x00000000c0b2bf20,0x00000000c3a00000)
 Metaspace       used 34652K, capacity 35308K, committed 35416K, reserved 1079296K
  class space    used 4854K, capacity 5071K, committed 5120K, reserved 1048576K
Event: 8.077 GC heap after
Heap after GC invocations=9 (full 2):
 PSYoungGen      total 140288K, used 0K [0x00000000eab00000, 0x00000000f5f00000, 0x0000000100000000)
  eden space 130048K, 0% used [0x00000000eab00000,0x00000000eab00000,0x00000000f2a00000)
  from space 10240K, 0% used [0x00000000f2a00000,0x00000000f2a00000,0x00000000f3400000)
  to   space 13312K, 0% used [0x00000000f5200000,0x00000000f5200000,0x00000000f5f00000)
 ParOldGen       total 97280K, used 20223K [0x00000000c0000000, 0x00000000c5f00000, 0x00000000eab00000)
  object space 97280K, 20% used [0x00000000c0000000,0x00000000c13bfef0,0x00000000c5f00000)
 Metaspace       used 34652K, capacity 35308K, committed 35416K, reserved 1079296K
  class space    used 4854K, capacity 5071K, committed 5120K, reserved 1048576K
}
Event: 10.213 GC heap before
{Heap before GC invocations=10 (full 2):
 PSYoungGen      total 140288K, used 130048K [0x00000000eab00000, 0x00000000f5f00000, 0x0000000100000000)
  eden space 130048K, 100% used [0x00000000eab00000,0x00000000f2a00000,0x00000000f2a00000)
  from space 10240K, 0% used [0x00000000f2a00000,0x00000000f2a00000,0x00000000f3400000)
  to   space 13312K, 0% used [0x00000000f5200000,0x00000000f5200000,0x00000000f5f00000)
 ParOldGen       total 97280K, used 20223K [0x00000000c0000000, 0x00000000c5f00000, 0x00000000eab00000)
  object space 97280K, 20% used [0x00000000c0000000,0x00000000c13bfef0,0x00000000c5f00000)
 Metaspace       used 41073K, capacity 42028K, committed 42240K, reserved 1085440K
  class space    used 5753K, capacity 6058K, committed 6144K, reserved 1048576K
Event: 10.241 GC heap after
Heap after GC invocations=10 (full 2):
 PSYoungGen      total 168960K, used 13311K [0x00000000eab00000, 0x00000000f8380000, 0x0000000100000000)
  eden space 155648K, 0% used [0x00000000eab00000,0x00000000eab00000,0x00000000f4300000)
  from space 13312K, 99% used [0x00000000f5200000,0x00000000f5effcf0,0x00000000f5f00000)
  to   space 15360K, 0% used [0x00000000f4300000,0x00000000f4300000,0x00000000f5200000)
 ParOldGen       total 97280K, used 21450K [0x00000000c0000000, 0x00000000c5f00000, 0x00000000eab00000)
  object space 97280K, 22% used [0x00000000c0000000,0x00000000c14f2b88,0x00000000c5f00000)
 Metaspace       used 41073K, capacity 42028K, committed 42240K, reserved 1085440K
  class space    used 5753K, capacity 6058K, committed 6144K, reserved 1048576K
}
Event: 13.760 GC heap before
{Heap before GC invocations=11 (full 2):
 PSYoungGen      total 168960K, used 168959K [0x00000000eab00000, 0x00000000f8380000, 0x0000000100000000)
  eden space 155648K, 100% used [0x00000000eab00000,0x00000000f4300000,0x00000000f4300000)
  from space 13312K, 99% used [0x00000000f5200000,0x00000000f5effcf0,0x00000000f5f00000)
  to   space 15360K, 0% used [0x00000000f4300000,0x00000000f4300000,0x00000000f5200000)
 ParOldGen       total 97280K, used 21450K [0x00000000c0000000, 0x00000000c5f00000, 0x00000000eab00000)
  object space 97280K, 22% used [0x00000000c0000000,0x00000000c14f2b88,0x00000000c5f00000)
 Metaspace       used 52199K, capacity 54050K, committed 54272K, reserved 1095680K
  class space    used 7358K, capacity 7853K, committed 7936K, reserved 1048576K
Event: 13.786 GC heap after
Heap after GC invocations=11 (full 2):
 PSYoungGen      total 171008K, used 15344K [0x00000000eab00000, 0x00000000f9500000, 0x0000000100000000)
  eden space 155648K, 0% used [0x00000000eab00000,0x00000000eab00000,0x00000000f4300000)
  from space 15360K, 99% used [0x00000000f4300000,0x00000000f51fc220,0x00000000f5200000)
  to   space 21504K, 0% used [0x00000000f8000000,0x00000000f8000000,0x00000000f9500000)
 ParOldGen       total 97280K, used 31584K [0x00000000c0000000, 0x00000000c5f00000, 0x00000000eab00000)
  object space 97280K, 32% used [0x00000000c0000000,0x00000000c1ed80a8,0x00000000c5f00000)
 Metaspace       used 52199K, capacity 54050K, committed 54272K, reserved 1095680K
  class space    used 7358K, capacity 7853K, committed 7936K, reserved 1048576K
}
Event: 16.950 GC heap before
{Heap before GC invocations=12 (full 2):
 PSYoungGen      total 171008K, used 129432K [0x00000000eab00000, 0x00000000f9500000, 0x0000000100000000)
  eden space 155648K, 73% used [0x00000000eab00000,0x00000000f1a69e08,0x00000000f4300000)
  from space 15360K, 99% used [0x00000000f4300000,0x00000000f51fc220,0x00000000f5200000)
  to   space 21504K, 0% used [0x00000000f8000000,0x00000000f8000000,0x00000000f9500000)
 ParOldGen       total 97280K, used 31584K [0x00000000c0000000, 0x00000000c5f00000, 0x00000000eab00000)
  object space 97280K, 32% used [0x00000000c0000000,0x00000000c1ed80a8,0x00000000c5f00000)
 Metaspace       used 56470K, capacity 58910K, committed 59008K, reserved 1099776K
  class space    used 7948K, capacity 8555K, committed 8576K, reserved 1048576K
Event: 17.039 GC heap after
Heap after GC invocations=12 (full 2):
 PSYoungGen      total 211456K, used 21478K [0x00000000eab00000, 0x00000000fa800000, 0x0000000100000000)
  eden space 189952K, 0% used [0x00000000eab00000,0x00000000eab00000,0x00000000f6480000)
  from space 21504K, 99% used [0x00000000f8000000,0x00000000f94f99c0,0x00000000f9500000)
  to   space 28160K, 0% used [0x00000000f6480000,0x00000000f6480000,0x00000000f8000000)
 ParOldGen       total 97280K, used 40895K [0x00000000c0000000, 0x00000000c5f00000, 0x00000000eab00000)
  object space 97280K, 42% used [0x00000000c0000000,0x00000000c27efe68,0x00000000c5f00000)
 Metaspace       used 56470K, capacity 58910K, committed 59008K, reserved 1099776K
  class space    used 7948K, capacity 8555K, committed 8576K, reserved 1048576K
}
Event: 17.039 GC heap before
{Heap before GC invocations=13 (full 3):
 PSYoungGen      total 211456K, used 21478K [0x00000000eab00000, 0x00000000fa800000, 0x0000000100000000)
  eden space 189952K, 0% used [0x00000000eab00000,0x00000000eab00000,0x00000000f6480000)
  from space 21504K, 99% used [0x00000000f8000000,0x00000000f94f99c0,0x00000000f9500000)
  to   space 28160K, 0% used [0x00000000f6480000,0x00000000f6480000,0x00000000f8000000)
 ParOldGen       total 97280K, used 40895K [0x00000000c0000000, 0x00000000c5f00000, 0x00000000eab00000)
  object space 97280K, 42% used [0x00000000c0000000,0x00000000c27efe68,0x00000000c5f00000)
 Metaspace       used 56470K, capacity 58910K, committed 59008K, reserved 1099776K
  class space    used 7948K, capacity 8555K, committed 8576K, reserved 1048576K
Event: 17.399 GC heap after
Heap after GC invocations=13 (full 3):
 PSYoungGen      total 211456K, used 0K [0x00000000eab00000, 0x00000000fa800000, 0x0000000100000000)
  eden space 189952K, 0% used [0x00000000eab00000,0x00000000eab00000,0x00000000f6480000)
  from space 21504K, 0% used [0x00000000f8000000,0x00000000f8000000,0x00000000f9500000)
  to   space 28160K, 0% used [0x00000000f6480000,0x00000000f6480000,0x00000000f8000000)
 ParOldGen       total 157696K, used 49492K [0x00000000c0000000, 0x00000000c9a00000, 0x00000000eab00000)
  object space 157696K, 31% used [0x00000000c0000000,0x00000000c3055210,0x00000000c9a00000)
 Metaspace       used 56470K, capacity 58910K, committed 59008K, reserved 1099776K
  class space    used 7948K, capacity 8555K, committed 8576K, reserved 1048576K
}

Deoptimization events (10 events):
Event: 22.795 Thread 0x0000000018947800 Uncommon trap: reason=bimorphic action=maybe_recompile pc=0x00000000048e0174 method=java.util.HashMap.removeNode(ILjava/lang/Object;Ljava/lang/Object;ZZ)Ljava/util/HashMap$Node; @ 68
Event: 22.795 Thread 0x0000000018947800 Uncommon trap: reason=bimorphic action=maybe_recompile pc=0x00000000048e0174 method=java.util.HashMap.removeNode(ILjava/lang/Object;Ljava/lang/Object;ZZ)Ljava/util/HashMap$Node; @ 68
Event: 22.843 Thread 0x000000001aeb5800 Uncommon trap: reason=unstable_if action=reinterpret pc=0x0000000003a9cbf0 method=java.io.BufferedOutputStream.write([BII)V @ 6
Event: 26.811 Thread 0x0000000018947800 Uncommon trap: reason=unstable_if action=reinterpret pc=0x0000000004a70ea0 method=com.esotericsoftware.kryo.io.Output.writeLong(JZ)I @ 55
Event: 26.844 Thread 0x0000000018947800 Uncommon trap: reason=unstable_if action=reinterpret pc=0x0000000004b0a0e4 method=com.google.common.primitives.Longs.tryParse(Ljava/lang/String;)Ljava/lang/Long; @ 70
Event: 29.630 Thread 0x0000000018867000 Uncommon trap: reason=unstable_if action=reinterpret pc=0x000000000453c340 method=java.util.concurrent.locks.ReentrantLock$Sync.nonfairTryAcquire(I)Z @ 19
Event: 29.667 Thread 0x0000000018947800 Uncommon trap: reason=unstable_if action=reinterpret pc=0x0000000004a85860 method=java.nio.Bits.putInt(Ljava/nio/ByteBuffer;IIZ)V @ 1
Event: 29.698 Thread 0x0000000018947800 Uncommon trap: reason=unstable_if action=reinterpret pc=0x0000000004b3d9f8 method=com.esotericsoftware.kryo.io.Output.writeByte(B)V @ 8
Event: 29.861 Thread 0x0000000018947800 Uncommon trap: reason=bimorphic action=maybe_recompile pc=0x0000000004a87ffc method=java.util.HashMap.removeNode(ILjava/lang/Object;Ljava/lang/Object;ZZ)Ljava/util/HashMap$Node; @ 143
Event: 29.876 Thread 0x000000001aeb5800 Uncommon trap: reason=unstable_if action=reinterpret pc=0x0000000004b883ec method=org.gradle.internal.io.StreamByteBuffer.prepareRead()I @ 30

Internal exceptions (10 events):
Event: 29.733 Thread 0x0000000018947800 Exception <a 'sun/nio/fs/WindowsException'> (0x00000000f25c5df0) thrown at [C:\re\workspace\8-2-build-windows-amd64-cygwin\jdk8u91\7017\hotspot\src\share\vm\prims\jni.cpp, line 709]
Event: 29.733 Thread 0x0000000018947800 Exception <a 'sun/nio/fs/WindowsException'> (0x00000000f25c6c20) thrown at [C:\re\workspace\8-2-build-windows-amd64-cygwin\jdk8u91\7017\hotspot\src\share\vm\prims\jni.cpp, line 709]
Event: 29.842 Thread 0x0000000018947800 Exception <a 'sun/nio/fs/WindowsException'> (0x00000000f2dd4490) thrown at [C:\re\workspace\8-2-build-windows-amd64-cygwin\jdk8u91\7017\hotspot\src\share\vm\prims\jni.cpp, line 709]
Event: 29.842 Thread 0x0000000018947800 Exception <a 'sun/nio/fs/WindowsException'> (0x00000000f2dd5278) thrown at [C:\re\workspace\8-2-build-windows-amd64-cygwin\jdk8u91\7017\hotspot\src\share\vm\prims\jni.cpp, line 709]
Event: 29.842 Thread 0x0000000018947800 Exception <a 'sun/nio/fs/WindowsException'> (0x00000000f2dd73c8) thrown at [C:\re\workspace\8-2-build-windows-amd64-cygwin\jdk8u91\7017\hotspot\src\share\vm\prims\jni.cpp, line 709]
Event: 29.842 Thread 0x0000000018947800 Exception <a 'sun/nio/fs/WindowsException'> (0x00000000f2dd81b8) thrown at [C:\re\workspace\8-2-build-windows-amd64-cygwin\jdk8u91\7017\hotspot\src\share\vm\prims\jni.cpp, line 709]
Event: 29.866 Thread 0x0000000018947800 Exception <a 'sun/nio/fs/WindowsException'> (0x00000000f2eda338) thrown at [C:\re\workspace\8-2-build-windows-amd64-cygwin\jdk8u91\7017\hotspot\src\share\vm\prims\jni.cpp, line 709]
Event: 29.866 Thread 0x0000000018947800 Exception <a 'sun/nio/fs/WindowsException'> (0x00000000f2edafe8) thrown at [C:\re\workspace\8-2-build-windows-amd64-cygwin\jdk8u91\7017\hotspot\src\share\vm\prims\jni.cpp, line 709]
Event: 29.866 Thread 0x0000000018947800 Exception <a 'sun/nio/fs/WindowsException'> (0x00000000f2edd078) thrown at [C:\re\workspace\8-2-build-windows-amd64-cygwin\jdk8u91\7017\hotspot\src\share\vm\prims\jni.cpp, line 709]
Event: 29.866 Thread 0x0000000018947800 Exception <a 'sun/nio/fs/WindowsException'> (0x00000000f2eddd30) thrown at [C:\re\workspace\8-2-build-windows-amd64-cygwin\jdk8u91\7017\hotspot\src\share\vm\prims\jni.cpp, line 709]

Events (10 events):
Event: 29.861 Thread 0x0000000018947800 Uncommon trap: trap_request=0xffffffc6 fr.pc=0x0000000004a87ffc
Event: 29.861 Thread 0x0000000018947800 DEOPT PACKING pc=0x0000000004a87ffc sp=0x0000000019fdbb00
Event: 29.861 Thread 0x0000000018947800 DEOPT UNPACKING pc=0x000000000326582a sp=0x0000000019fdba08 mode 2
Event: 29.862 loading class org/gradle/api/internal/changedetection/changes/ChangesOnlyIncrementalTaskInputs
Event: 29.862 loading class org/gradle/api/internal/changedetection/changes/ChangesOnlyIncrementalTaskInputs done
Event: 29.876 Thread 0x000000001aeb5800 Uncommon trap: trap_request=0xffffff65 fr.pc=0x0000000004b883ec
Event: 29.876 Thread 0x000000001aeb5800 DEOPT PACKING pc=0x0000000004b883ec sp=0x000000002260e970
Event: 29.876 Thread 0x000000001aeb5800 DEOPT UNPACKING pc=0x000000000326582a sp=0x000000002260e910 mode 2
Event: 29.891 loading class org/gradle/api/internal/changedetection/state/SetValueSnapshot
Event: 29.891 loading class org/gradle/api/internal/changedetection/state/SetValueSnapshot done


Dynamic libraries:
0x00007ff683090000 - 0x00007ff6830c7000 	C:\Program Files\Java\jdk1.8.0_91\bin\java.exe
0x00007ffc23070000 - 0x00007ffc23251000 	C:\WINDOWS\SYSTEM32\ntdll.dll
0x00007ffc21150000 - 0x00007ffc21202000 	C:\WINDOWS\System32\KERNEL32.DLL
0x00007ffc1f440000 - 0x00007ffc1f6b3000 	C:\WINDOWS\System32\KERNELBASE.dll
0x00007ffc22d70000 - 0x00007ffc22e11000 	C:\WINDOWS\System32\ADVAPI32.dll
0x00007ffc22f80000 - 0x00007ffc2301e000 	C:\WINDOWS\System32\msvcrt.dll
0x00007ffc210f0000 - 0x00007ffc2114b000 	C:\WINDOWS\System32\sechost.dll
0x00007ffc212c0000 - 0x00007ffc213e4000 	C:\WINDOWS\System32\RPCRT4.dll
0x00007ffc20710000 - 0x00007ffc208a0000 	C:\WINDOWS\System32\USER32.dll
0x00007ffc1f870000 - 0x00007ffc1f890000 	C:\WINDOWS\System32\win32u.dll
0x00007ffc208a0000 - 0x00007ffc208c8000 	C:\WINDOWS\System32\GDI32.dll
0x00007ffc1fb30000 - 0x00007ffc1fcc2000 	C:\WINDOWS\System32\gdi32full.dll
0x00007ffc1fcd0000 - 0x00007ffc1fd6f000 	C:\WINDOWS\System32\msvcp_win.dll
0x00007ffc1f770000 - 0x00007ffc1f86a000 	C:\WINDOWS\System32\ucrtbase.dll
0x00007ffc10330000 - 0x00007ffc10599000 	C:\WINDOWS\WinSxS\amd64_microsoft.windows.common-controls_6595b64144ccf1df_6.0.17134.285_none_fb4297e330656775\COMCTL32.dll
0x00007ffc21590000 - 0x00007ffc218b3000 	C:\WINDOWS\System32\combase.dll
0x00007ffc1fd70000 - 0x00007ffc1fdea000 	C:\WINDOWS\System32\bcryptPrimitives.dll
0x00007ffc206c0000 - 0x00007ffc206ed000 	C:\WINDOWS\System32\IMM32.DLL
0x0000000062910000 - 0x00000000629e2000 	C:\Program Files\Java\jdk1.8.0_91\jre\bin\msvcr100.dll
0x0000000062070000 - 0x0000000062903000 	C:\Program Files\Java\jdk1.8.0_91\jre\bin\server\jvm.dll
0x00007ffc206f0000 - 0x00007ffc206f8000 	C:\WINDOWS\System32\PSAPI.DLL
0x00007ffc1b180000 - 0x00007ffc1b189000 	C:\WINDOWS\SYSTEM32\WSOCK32.dll
0x00007ffc1c140000 - 0x00007ffc1c163000 	C:\WINDOWS\SYSTEM32\WINMM.dll
0x00007ffc19650000 - 0x00007ffc1965a000 	C:\WINDOWS\SYSTEM32\VERSION.dll
0x00007ffc20e20000 - 0x00007ffc20e8c000 	C:\WINDOWS\System32\WS2_32.dll
0x00007ffc1c110000 - 0x00007ffc1c13a000 	C:\WINDOWS\SYSTEM32\winmmbase.dll
0x00007ffc1f720000 - 0x00007ffc1f769000 	C:\WINDOWS\System32\cfgmgr32.dll
0x0000000062060000 - 0x000000006206f000 	C:\Program Files\Java\jdk1.8.0_91\jre\bin\verify.dll
0x0000000062030000 - 0x0000000062059000 	C:\Program Files\Java\jdk1.8.0_91\jre\bin\java.dll
0x0000000062010000 - 0x0000000062026000 	C:\Program Files\Java\jdk1.8.0_91\jre\bin\zip.dll
0x00007ffc21930000 - 0x00007ffc22d70000 	C:\WINDOWS\System32\SHELL32.dll
0x00007ffc21210000 - 0x00007ffc212b9000 	C:\WINDOWS\System32\shcore.dll
0x00007ffc1fdf0000 - 0x00007ffc204fd000 	C:\WINDOWS\System32\windows.storage.dll
0x00007ffc20dc0000 - 0x00007ffc20e11000 	C:\WINDOWS\System32\shlwapi.dll
0x00007ffc1f420000 - 0x00007ffc1f431000 	C:\WINDOWS\System32\kernel.appcore.dll
0x00007ffc1f3d0000 - 0x00007ffc1f3ef000 	C:\WINDOWS\System32\profapi.dll
0x00007ffc1f380000 - 0x00007ffc1f3cc000 	C:\WINDOWS\System32\powrprof.dll
0x00007ffc1f3f0000 - 0x00007ffc1f3fa000 	C:\WINDOWS\System32\FLTLIB.DLL
0x0000000061ff0000 - 0x000000006200a000 	C:\Program Files\Java\jdk1.8.0_91\jre\bin\net.dll
0x00007ffc1ec00000 - 0x00007ffc1ec66000 	C:\WINDOWS\system32\mswsock.dll
0x0000000061fd0000 - 0x0000000061fe1000 	C:\Program Files\Java\jdk1.8.0_91\jre\bin\nio.dll
0x00007ffc13790000 - 0x00007ffc137ae000 	C:\Users\bachi\.gradle\native\25\windows-amd64\native-platform.dll
0x0000000061fc0000 - 0x0000000061fcd000 	C:\Program Files\Java\jdk1.8.0_91\jre\bin\management.dll
0x00007ffc1edb0000 - 0x00007ffc1edc7000 	C:\WINDOWS\SYSTEM32\CRYPTSP.dll
0x00007ffc1e7e0000 - 0x00007ffc1e813000 	C:\WINDOWS\system32\rsaenh.dll
0x00007ffc1eee0000 - 0x00007ffc1ef05000 	C:\WINDOWS\SYSTEM32\bcrypt.dll
0x00007ffc1f280000 - 0x00007ffc1f2a8000 	C:\WINDOWS\SYSTEM32\USERENV.dll
0x00007ffc1edd0000 - 0x00007ffc1eddb000 	C:\WINDOWS\SYSTEM32\CRYPTBASE.dll
0x00007ffc1e980000 - 0x00007ffc1e9b8000 	C:\WINDOWS\SYSTEM32\IPHLPAPI.DLL
0x00007ffc20700000 - 0x00007ffc20708000 	C:\WINDOWS\System32\NSI.dll
0x00007ffc18b20000 - 0x00007ffc18b36000 	C:\WINDOWS\SYSTEM32\dhcpcsvc6.DLL
0x00007ffc18c30000 - 0x00007ffc18c4a000 	C:\WINDOWS\SYSTEM32\dhcpcsvc.DLL
0x0000000061f90000 - 0x0000000061fb4000 	C:\Program Files\Java\jdk1.8.0_91\jre\bin\sunec.dll
0x00007ffc1e9c0000 - 0x00007ffc1ea7e000 	C:\WINDOWS\SYSTEM32\DNSAPI.dll
0x00007ffc0e2a0000 - 0x00007ffc0e2aa000 	C:\Windows\System32\rasadhlp.dll
0x00007ffc0ebe0000 - 0x00007ffc0ec52000 	C:\WINDOWS\System32\fwpuclnt.dll
0x00007ffbfee00000 - 0x00007ffbfee16000 	C:\WINDOWS\system32\napinsp.dll
0x00007ffbfd920000 - 0x00007ffbfd93a000 	C:\WINDOWS\system32\pnrpnsp.dll
0x00007ffc1ba20000 - 0x00007ffc1ba39000 	C:\WINDOWS\system32\NLAapi.dll
0x00007ffbfd910000 - 0x00007ffbfd91e000 	C:\WINDOWS\System32\winrnr.dll
0x00007ffc195d0000 - 0x00007ffc195e5000 	C:\WINDOWS\System32\wshbth.dll

VM Arguments:
jvm_args: -XX:+HeapDumpOnOutOfMemoryError -Xmx1024m -Dfile.encoding=windows-1252 -Duser.country=FR -Duser.language=fr -Duser.variant 
java_command: org.gradle.launcher.daemon.bootstrap.GradleDaemon 4.4
java_class_path (initial): C:\Users\bachi\.gradle\wrapper\dists\gradle-4.4-all\9br9xq1tocpiv8o6njlyu5op1\gradle-4.4\lib\gradle-launcher-4.4.jar
Launcher Type: SUN_STANDARD

Environment Variables:
JAVA_HOME=C:\Program Files\Java\jdk1.8.0_91\
CLASSPATH=C:\Dev\open\OpenHackApp\android\\gradle\wrapper\gradle-wrapper.jar
PATH=C:\Python37\Scripts\;C:\Python37\;C:\Python27\;C:\Python27\Scripts;C:\Program Files (x86)\Intel\iCLS Client\;C:\Program Files\Intel\iCLS Client\;C:\Program Files (x86)\Microsoft Visual Studio\Shared\Python36_64\Scripts\;C:\Program Files (x86)\Microsoft Visual Studio\Shared\Python36_64\;C:\Program Files\Java\jdk1.8.0_91\\bin;C:\Windows\system32;C:\Windows;C:\Windows\System32\Wbem;C:\Windows\System32\WindowsPowerShell\v1.0\;C:\Program Files (x86)\NVIDIA Corporation\PhysX\Common;C:\Program Files\dotnet\;C:\Program Files\Microsoft SQL Server\130\Tools\Binn\;C:\Program Files (x86)\GtkSharp\2.12\bin;C:\WINDOWS\system32;C:\WINDOWS;C:\WINDOWS\System32\Wbem;C:\WINDOWS\System32\WindowsPowerShell\v1.0\;C:\gtk\bin;C:\Program Files\Git\cmd;C:\Program Files (x86)\WinMerge;C:\Program Files\Microsoft\Web Platform Installer\;C:\Program Files (x86)\Intel\Intel(R) Management Engine Components\DAL;C:\Program Files\Intel\Intel(R) Management Engine Components\DAL;C:\Program Files (x86)\Intel\Intel(R) Management Engine Components\IPT;C:\Program Files\Intel\Intel(R) Management Engine Components\IPT;C:\WINDOWS\System32\OpenSSH\;C:\Program Files\nodejs\;C:\Program Files\Microsoft VS Code\bin;C:\Users\bachi\AppData\Local\Microsoft\WindowsApps;C:\Users\bachi\AppData\Local\Hasura\;C:\Users\bachi\AppData\Local\GitHubDesktop\bin;C:\Program Files\Heroku\bin;C:\Users\bachi\AppData\Local\Microsoft\WindowsApps;C:\Users\bachi\AppData\Roaming\npm
USERNAME=bachi
OS=Windows_NT
PROCESSOR_IDENTIFIER=Intel64 Family 6 Model 94 Stepping 3, GenuineIntel



---------------  S Y S T E M  ---------------

OS: Windows 10.0 , 64 bit Build 17134 (10.0.17134.1)

CPU:total 4 (4 cores per cpu, 1 threads per core) family 6 model 94 stepping 3, cmov, cx8, fxsr, mmx, sse, sse2, sse3, ssse3, sse4.1, sse4.2, popcnt, avx, avx2, aes, clmul, erms, rtm, 3dnowpref, lzcnt, tsc, tscinvbit, bmi1, bmi2, adx

Memory: 4k page, physical 8298204k(519744k free), swap 12492508k(10860k free)

vm_info: Java HotSpot(TM) 64-Bit Server VM (25.91-b15) for windows-amd64 JRE (1.8.0_91-b15), built on May 20 2016 17:43:15 by "java_re" with MS VC++ 10.0 (VS2010)

time: Fri Sep 14 12:10:41 2018
elapsed time: 29 seconds (0d 0h 0m 29s)

